[debug] [2024-07-01T01:21:23.096Z] ----------------------------------------------------------------------
[debug] [2024-07-01T01:21:23.099Z] Command:       C:\Program Files\nodejs\node.exe C:\Users\delca\AppData\Roaming\npm\node_modules\firebase-tools\lib\bin\firebase.js deploy --debug
[debug] [2024-07-01T01:21:23.099Z] CLI Version:   13.12.0
[debug] [2024-07-01T01:21:23.099Z] Platform:      win32
[debug] [2024-07-01T01:21:23.099Z] Node Version:  v18.15.0
[debug] [2024-07-01T01:21:23.100Z] Time:          Sun Jun 30 2024 19:21:23 GMT-0600 (hora estándar central)
[debug] [2024-07-01T01:21:23.101Z] ----------------------------------------------------------------------
[debug] 
[debug] [2024-07-01T01:21:23.184Z] > command requires scopes: ["email","openid","https://www.googleapis.com/auth/cloudplatformprojects.readonly","https://www.googleapis.com/auth/firebase","https://www.googleapis.com/auth/cloud-platform"]
[debug] [2024-07-01T01:21:23.186Z] > authorizing via signed-in user (jose.carlos4013@gmail.com)
[debug] [2024-07-01T01:21:23.186Z] [iam] checking project silhouette-of-worlds for permissions ["cloudfunctions.functions.create","cloudfunctions.functions.delete","cloudfunctions.functions.get","cloudfunctions.functions.list","cloudfunctions.functions.update","cloudfunctions.operations.get","firebase.projects.get","firebasehosting.sites.update"]
[debug] [2024-07-01T01:21:23.189Z] >>> [apiv2][query] POST https://cloudresourcemanager.googleapis.com/v1/projects/silhouette-of-worlds:testIamPermissions [none]
[debug] [2024-07-01T01:21:23.190Z] >>> [apiv2][(partial)header] POST https://cloudresourcemanager.googleapis.com/v1/projects/silhouette-of-worlds:testIamPermissions x-goog-quota-user=projects/silhouette-of-worlds
[debug] [2024-07-01T01:21:23.191Z] >>> [apiv2][body] POST https://cloudresourcemanager.googleapis.com/v1/projects/silhouette-of-worlds:testIamPermissions {"permissions":["cloudfunctions.functions.create","cloudfunctions.functions.delete","cloudfunctions.functions.get","cloudfunctions.functions.list","cloudfunctions.functions.update","cloudfunctions.operations.get","firebase.projects.get","firebasehosting.sites.update"]}
[debug] [2024-07-01T01:21:23.676Z] <<< [apiv2][status] POST https://cloudresourcemanager.googleapis.com/v1/projects/silhouette-of-worlds:testIamPermissions 200
[debug] [2024-07-01T01:21:23.677Z] <<< [apiv2][body] POST https://cloudresourcemanager.googleapis.com/v1/projects/silhouette-of-worlds:testIamPermissions {"permissions":["cloudfunctions.functions.create","cloudfunctions.functions.delete","cloudfunctions.functions.get","cloudfunctions.functions.list","cloudfunctions.functions.update","cloudfunctions.operations.get","firebase.projects.get","firebasehosting.sites.update"]}
[debug] [2024-07-01T01:21:23.678Z] >>> [apiv2][query] POST https://iam.googleapis.com/v1/projects/silhouette-of-worlds/serviceAccounts/silhouette-of-worlds@appspot.gserviceaccount.com:testIamPermissions [none]
[debug] [2024-07-01T01:21:23.678Z] >>> [apiv2][body] POST https://iam.googleapis.com/v1/projects/silhouette-of-worlds/serviceAccounts/silhouette-of-worlds@appspot.gserviceaccount.com:testIamPermissions {"permissions":["iam.serviceAccounts.actAs"]}
[debug] [2024-07-01T01:21:24.056Z] <<< [apiv2][status] POST https://iam.googleapis.com/v1/projects/silhouette-of-worlds/serviceAccounts/silhouette-of-worlds@appspot.gserviceaccount.com:testIamPermissions 200
[debug] [2024-07-01T01:21:24.057Z] <<< [apiv2][body] POST https://iam.googleapis.com/v1/projects/silhouette-of-worlds/serviceAccounts/silhouette-of-worlds@appspot.gserviceaccount.com:testIamPermissions {"permissions":["iam.serviceAccounts.actAs"]}
[debug] [2024-07-01T01:21:24.058Z] >>> [apiv2][query] GET https://firebase.googleapis.com/v1beta1/projects/silhouette-of-worlds [none]
[debug] [2024-07-01T01:21:24.373Z] <<< [apiv2][status] GET https://firebase.googleapis.com/v1beta1/projects/silhouette-of-worlds 200
[debug] [2024-07-01T01:21:24.373Z] <<< [apiv2][body] GET https://firebase.googleapis.com/v1beta1/projects/silhouette-of-worlds {"projectId":"silhouette-of-worlds","projectNumber":"561002087999","displayName":"Silhouette of Worlds","name":"projects/silhouette-of-worlds","resources":{"hostingSite":"silhouette-of-worlds"},"state":"ACTIVE","etag":"1_1e89377b-1225-4b52-b4d1-84f689b127d4"}
[debug] [2024-07-01T01:21:24.376Z] Specified "public" directory "build" does not exist; Deploy to Hosting site "silhouette-of-worlds" may fail or be empty.
[info] 
[info] === Deploying to 'silhouette-of-worlds'...
[info] 
[info] i  deploying functions, hosting 
[debug] [2024-07-01T01:21:24.379Z] >>> [apiv2][query] GET https://firebase.googleapis.com/v1beta1/projects/silhouette-of-worlds [none]
[debug] [2024-07-01T01:21:24.676Z] <<< [apiv2][status] GET https://firebase.googleapis.com/v1beta1/projects/silhouette-of-worlds 200
[debug] [2024-07-01T01:21:24.677Z] <<< [apiv2][body] GET https://firebase.googleapis.com/v1beta1/projects/silhouette-of-worlds {"projectId":"silhouette-of-worlds","projectNumber":"561002087999","displayName":"Silhouette of Worlds","name":"projects/silhouette-of-worlds","resources":{"hostingSite":"silhouette-of-worlds"},"state":"ACTIVE","etag":"1_1e89377b-1225-4b52-b4d1-84f689b127d4"}
[info] i  functions: preparing codebase default for deployment 
[info] i  functions: ensuring required API cloudfunctions.googleapis.com is enabled... 
[info] i  functions: ensuring required API cloudbuild.googleapis.com is enabled... 
[info] i  artifactregistry: ensuring required API artifactregistry.googleapis.com is enabled... 
[debug] [2024-07-01T01:21:24.680Z] >>> [apiv2][query] GET https://serviceusage.googleapis.com/v1/projects/silhouette-of-worlds/services/cloudfunctions.googleapis.com [none]
[debug] [2024-07-01T01:21:24.681Z] >>> [apiv2][(partial)header] GET https://serviceusage.googleapis.com/v1/projects/silhouette-of-worlds/services/cloudfunctions.googleapis.com x-goog-quota-user=projects/silhouette-of-worlds
[debug] [2024-07-01T01:21:24.683Z] >>> [apiv2][query] GET https://serviceusage.googleapis.com/v1/projects/silhouette-of-worlds/services/runtimeconfig.googleapis.com [none]
[debug] [2024-07-01T01:21:24.683Z] >>> [apiv2][(partial)header] GET https://serviceusage.googleapis.com/v1/projects/silhouette-of-worlds/services/runtimeconfig.googleapis.com x-goog-quota-user=projects/silhouette-of-worlds
[debug] [2024-07-01T01:21:24.685Z] >>> [apiv2][query] GET https://serviceusage.googleapis.com/v1/projects/silhouette-of-worlds/services/cloudbuild.googleapis.com [none]
[debug] [2024-07-01T01:21:24.685Z] >>> [apiv2][(partial)header] GET https://serviceusage.googleapis.com/v1/projects/silhouette-of-worlds/services/cloudbuild.googleapis.com x-goog-quota-user=projects/silhouette-of-worlds
[debug] [2024-07-01T01:21:24.687Z] >>> [apiv2][query] GET https://serviceusage.googleapis.com/v1/projects/silhouette-of-worlds/services/artifactregistry.googleapis.com [none]
[debug] [2024-07-01T01:21:24.687Z] >>> [apiv2][(partial)header] GET https://serviceusage.googleapis.com/v1/projects/silhouette-of-worlds/services/artifactregistry.googleapis.com x-goog-quota-user=projects/silhouette-of-worlds
[debug] [2024-07-01T01:21:25.165Z] <<< [apiv2][status] GET https://serviceusage.googleapis.com/v1/projects/silhouette-of-worlds/services/runtimeconfig.googleapis.com 200
[debug] [2024-07-01T01:21:25.166Z] <<< [apiv2][body] GET https://serviceusage.googleapis.com/v1/projects/silhouette-of-worlds/services/runtimeconfig.googleapis.com [omitted]
[debug] [2024-07-01T01:21:25.169Z] <<< [apiv2][status] GET https://serviceusage.googleapis.com/v1/projects/silhouette-of-worlds/services/cloudbuild.googleapis.com 200
[debug] [2024-07-01T01:21:25.169Z] <<< [apiv2][body] GET https://serviceusage.googleapis.com/v1/projects/silhouette-of-worlds/services/cloudbuild.googleapis.com [omitted]
[info] +  functions: required API cloudbuild.googleapis.com is enabled 
[debug] [2024-07-01T01:21:25.190Z] <<< [apiv2][status] GET https://serviceusage.googleapis.com/v1/projects/silhouette-of-worlds/services/cloudfunctions.googleapis.com 200
[debug] [2024-07-01T01:21:25.190Z] <<< [apiv2][body] GET https://serviceusage.googleapis.com/v1/projects/silhouette-of-worlds/services/cloudfunctions.googleapis.com [omitted]
[info] +  functions: required API cloudfunctions.googleapis.com is enabled 
[debug] [2024-07-01T01:21:25.246Z] <<< [apiv2][status] GET https://serviceusage.googleapis.com/v1/projects/silhouette-of-worlds/services/artifactregistry.googleapis.com 200
[debug] [2024-07-01T01:21:25.247Z] <<< [apiv2][body] GET https://serviceusage.googleapis.com/v1/projects/silhouette-of-worlds/services/artifactregistry.googleapis.com [omitted]
[info] +  artifactregistry: required API artifactregistry.googleapis.com is enabled 
[debug] [2024-07-01T01:21:25.248Z] >>> [apiv2][query] GET https://firebase.googleapis.com/v1beta1/projects/silhouette-of-worlds/adminSdkConfig [none]
[debug] [2024-07-01T01:21:25.559Z] <<< [apiv2][status] GET https://firebase.googleapis.com/v1beta1/projects/silhouette-of-worlds/adminSdkConfig 200
[debug] [2024-07-01T01:21:25.560Z] <<< [apiv2][body] GET https://firebase.googleapis.com/v1beta1/projects/silhouette-of-worlds/adminSdkConfig {"projectId":"silhouette-of-worlds","storageBucket":"silhouette-of-worlds.appspot.com"}
[debug] [2024-07-01T01:21:25.561Z] >>> [apiv2][query] GET https://runtimeconfig.googleapis.com/v1beta1/projects/silhouette-of-worlds/configs [none]
[debug] [2024-07-01T01:21:25.801Z] <<< [apiv2][status] GET https://runtimeconfig.googleapis.com/v1beta1/projects/silhouette-of-worlds/configs 200
[debug] [2024-07-01T01:21:25.801Z] <<< [apiv2][body] GET https://runtimeconfig.googleapis.com/v1beta1/projects/silhouette-of-worlds/configs {}
[debug] [2024-07-01T01:21:25.802Z] Validating nodejs source
[warn] !  functions: Runtime Node.js 16 was deprecated on 2024-01-30 and will be decommissioned on 2025-01-30, after which you will not be able to deploy without upgrading. Consider upgrading now to avoid disruption. See https://cloud.google.com/functions/docs/runtime-support for full details on the lifecycle policy 
[debug] [2024-07-01T01:21:29.507Z] > [functions] package.json contents: {
  "name": "template",
  "version": "0.1.0",
  "private": true,
  "type": "module",
  "main": "index.js",
  "scripts": {
    "build": "react-scripts build",
    "deploy": "rm -f -R build && react-scripts build && firebase deploy --only functions,hosting && rm -f -R build",
    "deploy-windows": "npm run build && firebase deploy --only functions,hosting && rm -f -R build",
    "local-client": "react-scripts start",
    "local-server": "nodemon dev-start.js",
    "dev": "concurrently \"npm run local-server\" \"npm run local-client\"",
    "test": "jest"
  },
  "dependencies": {
    "axios": "^0.21.1",
    "body-parser": "^1.19.1",
    "bootstrap": "^4.5.3",
    "cors": "^2.8.5",
    "express": "^4.17.1",
    "firebase": "^9.23.0",
    "firebase-admin": "^10.0.1",
    "firebase-functions": "^5.0.1",
    "jest": "^26.6.0",
    "multer": "^1.4.4",
    "path": "^0.12.7",
    "react": "^17.0.1",
    "react-datepicker": "^4.5.0",
    "react-dom": "^17.0.1",
    "react-router-dom": "^5.2.0",
    "react-scripts": "^4.0.1"
  },
  "eslintConfig": {
    "extends": [
      "react-app",
      "react-app/jest"
    ]
  },
  "devDependencies": {
    "@babel/plugin-transform-modules-commonjs": "^7.17.7",
    "@types/cors": "^2.8.12",
    "@types/react": "^18.0.20",
    "@types/react-datepicker": "^4.4.2",
    "@types/react-router-dom": "^5.3.3",
    "concurrently": "^6.3.0",
    "nodemon": "^2.0.14"
  },
  "browserslist": {
    "production": [
      ">0.2%",
      "not dead",
      "not op_mini all"
    ],
    "development": [
      "last 1 chrome version",
      "last 1 firefox version",
      "last 1 safari version"
    ]
  }
}
[debug] [2024-07-01T01:21:29.512Z] Building nodejs source
[info] i  functions: Loading and analyzing source code for codebase default to determine what to deploy 
[debug] [2024-07-01T01:21:29.513Z] Could not find functions.yaml. Must use http discovery
[debug] [2024-07-01T01:21:29.529Z] Found firebase-functions binary at 'C:\Users\delca\Documents\Proyectos\SilhouetteOfWorlds\node_modules\.bin\firebase-functions'
[info] Serving at port 8508

[error] file:///C:/Users/delca/Documents/Proyectos/SilhouetteOfWorlds/src/pokemons/model.js:3
import { firebaseApp } from "../../firebaseApp.js";
         ^^^^^^^^^^^
SyntaxError: The requested module '../../firebaseApp.js' does not provide an export named 'firebaseApp'
    at ModuleJob._instantiate (node:internal/modules/esm/module_job:124:21)
    at async ModuleJob.run (node:internal/modules/esm/module_job:190:5)

[debug] [2024-07-01T01:21:29.894Z] Got response code 400; body Failed to generate manifest from function source: SyntaxError: The requested module '../../firebaseApp.js' does not provide an export named 'firebaseApp'
[error] 
[error] Error: Functions codebase could not be analyzed successfully. It may have a syntax or runtime error
